# JRE version: Java(TM) SE Runtime Environment (8.0_60-b27) (build 1.8.0_60-b27)
# Java VM: Java HotSpot(TM) 64-Bit Server VM (25.60-b23 mixed mode bsd-amd64 compressed oops)
Heap:
 PSYoungGen      total 45056K, used 29859K [0x00000007aab00000, 0x00000007aec00000, 0x00000007c0000000)
  eden space 27648K, 83% used [0x00000007aab00000,0x00000007ac18dde0,0x00000007ac600000)
  from space 17408K, 38% used [0x00000007adb00000,0x00000007ae19b098,0x00000007aec00000)
  to   space 19456K, 0% used [0x00000007ac600000,0x00000007ac600000,0x00000007ad900000)
 ParOldGen       total 55808K, used 21317K [0x0000000780000000, 0x0000000783680000, 0x00000007aab00000)
  object space 55808K, 38% used [0x0000000780000000,0x00000007814d1598,0x0000000783680000)
 Metaspace       used 17104K, capacity 17286K, committed 17664K, reserved 1064960K
  class space    used 1669K, capacity 1764K, committed 1792K, reserved 1048576K
GC Heap History (10 events):
Event: 3.814 GC heap before
{Heap before GC invocations=3 (full 0):
 PSYoungGen      total 18944K, used 17135K [0x00000007aab00000, 0x00000007ac000000, 0x00000007c0000000)
  eden space 16384K, 89% used [0x00000007aab00000,0x00000007ab943e10,0x00000007abb00000)
  from space 2560K, 98% used [0x00000007abd80000,0x00000007abff8020,0x00000007ac000000)
  to   space 2560K, 0% used [0x00000007abb00000,0x00000007abb00000,0x00000007abd80000)
 ParOldGen       total 44032K, used 5488K [0x0000000780000000, 0x0000000782b00000, 0x00000007aab00000)
  object space 44032K, 12% used [0x0000000780000000,0x000000078055c260,0x0000000782b00000)
 Metaspace       used 16489K, capacity 16666K, committed 16896K, reserved 1064960K
  class space    used 1659K, capacity 1730K, committed 1792K, reserved 1048576K
Event: 3.823 GC heap after
Heap after GC invocations=3 (full 0):
 PSYoungGen      total 18944K, used 2544K [0x00000007aab00000, 0x00000007ac000000, 0x00000007c0000000)
  eden space 16384K, 0% used [0x00000007aab00000,0x00000007aab00000,0x00000007abb00000)
  from space 2560K, 99% used [0x00000007abb00000,0x00000007abd7c020,0x00000007abd80000)
  to   space 2560K, 0% used [0x00000007abd80000,0x00000007abd80000,0x00000007ac000000)
 ParOldGen       total 44032K, used 18794K [0x0000000780000000, 0x0000000782b00000, 0x00000007aab00000)
  object space 44032K, 42% used [0x0000000780000000,0x000000078125a8e8,0x0000000782b00000)
 Metaspace       used 16489K, capacity 16666K, committed 16896K, reserved 1064960K
  class space    used 1659K, capacity 1730K, committed 1792K, reserved 1048576K
}
Event: 3.904 GC heap before
{Heap before GC invocations=4 (full 0):
 PSYoungGen      total 18944K, used 18928K [0x00000007aab00000, 0x00000007ac000000, 0x00000007c0000000)
  eden space 16384K, 100% used [0x00000007aab00000,0x00000007abb00000,0x00000007abb00000)
  from space 2560K, 99% used [0x00000007abb00000,0x00000007abd7c020,0x00000007abd80000)
  to   space 2560K, 0% used [0x00000007abd80000,0x00000007abd80000,0x00000007ac000000)
 ParOldGen       total 44032K, used 18794K [0x0000000780000000, 0x0000000782b00000, 0x00000007aab00000)
  object space 44032K, 42% used [0x0000000780000000,0x000000078125a8e8,0x0000000782b00000)
 Metaspace       used 16517K, capacity 16666K, committed 16896K, reserved 1064960K
  class space    used 1660K, capacity 1730K, committed 1792K, reserved 1048576K
Event: 3.912 GC heap after
Heap after GC invocations=4 (full 0):
 PSYoungGen      total 18944K, used 2528K [0x00000007aab00000, 0x00000007ad000000, 0x00000007c0000000)
  eden space 16384K, 0% used [0x00000007aab00000,0x00000007aab00000,0x00000007abb00000)
  from space 2560K, 98% used [0x00000007abd80000,0x00000007abff8010,0x00000007ac000000)
  to   space 2560K, 0% used [0x00000007abb00000,0x00000007abb00000,0x00000007abd80000)
 ParOldGen       total 44032K, used 32050K [0x0000000780000000, 0x0000000782b00000, 0x00000007aab00000)
  object space 44032K, 72% used [0x0000000780000000,0x0000000781f4ca18,0x0000000782b00000)
 Metaspace       used 16517K, capacity 16666K, committed 16896K, reserved 1064960K
  class space    used 1660K, capacity 1730K, committed 1792K, reserved 1048576K
}
Event: 3.912 GC heap before
{Heap before GC invocations=5 (full 1):
 PSYoungGen      total 18944K, used 2528K [0x00000007aab00000, 0x00000007ad000000, 0x00000007c0000000)
  eden space 16384K, 0% used [0x00000007aab00000,0x00000007aab00000,0x00000007abb00000)
  from space 2560K, 98% used [0x00000007abd80000,0x00000007abff8010,0x00000007ac000000)
  to   space 2560K, 0% used [0x00000007abb00000,0x00000007abb00000,0x00000007abd80000)
 ParOldGen       total 44032K, used 32050K [0x0000000780000000, 0x0000000782b00000, 0x00000007aab00000)
  object space 44032K, 72% used [0x0000000780000000,0x0000000781f4ca18,0x0000000782b00000)
 Metaspace       used 16517K, capacity 16666K, committed 16896K, reserved 1064960K
  class space    used 1660K, capacity 1730K, committed 1792K, reserved 1048576K
Event: 3.948 GC heap after
Heap after GC invocations=5 (full 1):
 PSYoungGen      total 18944K, used 0K [0x00000007aab00000, 0x00000007ad000000, 0x00000007c0000000)
  eden space 16384K, 0% used [0x00000007aab00000,0x00000007aab00000,0x00000007abb00000)
  from space 2560K, 0% used [0x00000007abd80000,0x00000007abd80000,0x00000007ac000000)
  to   space 2560K, 0% used [0x00000007abb00000,0x00000007abb00000,0x00000007abd80000)
 ParOldGen       total 55808K, used 16898K [0x0000000780000000, 0x0000000783680000, 0x00000007aab00000)
  object space 55808K, 30% used [0x0000000780000000,0x0000000781080a88,0x0000000783680000)
 Metaspace       used 16517K, capacity 16666K, committed 16896K, reserved 1064960K
  class space    used 1660K, capacity 1730K, committed 1792K, reserved 1048576K
}
Event: 4.047 GC heap before
{Heap before GC invocations=6 (full 1):
 PSYoungGen      total 18944K, used 16384K [0x00000007aab00000, 0x00000007ad000000, 0x00000007c0000000)
  eden space 16384K, 100% used [0x00000007aab00000,0x00000007abb00000,0x00000007abb00000)
  from space 2560K, 0% used [0x00000007abd80000,0x00000007abd80000,0x00000007ac000000)
  to   space 2560K, 0% used [0x00000007abb00000,0x00000007abb00000,0x00000007abd80000)
 ParOldGen       total 55808K, used 16898K [0x0000000780000000, 0x0000000783680000, 0x00000007aab00000)
  object space 55808K, 30% used [0x0000000780000000,0x0000000781080a88,0x0000000783680000)
 Metaspace       used 16517K, capacity 16666K, committed 16896K, reserved 1064960K
  class space    used 1660K, capacity 1730K, committed 1792K, reserved 1048576K
Event: 4.049 GC heap after
Heap after GC invocations=6 (full 1):
 PSYoungGen      total 18944K, used 2297K [0x00000007aab00000, 0x00000007aef80000, 0x00000007c0000000)
  eden space 16384K, 0% used [0x00000007aab00000,0x00000007aab00000,0x00000007abb00000)
  from space 2560K, 89% used [0x00000007abb00000,0x00000007abd3e588,0x00000007abd80000)
  to   space 20992K, 0% used [0x00000007adb00000,0x00000007adb00000,0x00000007aef80000)
 ParOldGen       total 55808K, used 21309K [0x0000000780000000, 0x0000000783680000, 0x00000007aab00000)
  object space 55808K, 38% used [0x0000000780000000,0x00000007814cf598,0x0000000783680000)
 Metaspace       used 16517K, capacity 16666K, committed 16896K, reserved 1064960K
  class space    used 1660K, capacity 1730K, committed 1792K, reserved 1048576K
}
Event: 4.862 GC heap before
{Heap before GC invocations=7 (full 1):
 PSYoungGen      total 18944K, used 18681K [0x00000007aab00000, 0x00000007aef80000, 0x00000007c0000000)
  eden space 16384K, 100% used [0x00000007aab00000,0x00000007abb00000,0x00000007abb00000)
  from space 2560K, 89% used [0x00000007abb00000,0x00000007abd3e588,0x00000007abd80000)
  to   space 20992K, 0% used [0x00000007adb00000,0x00000007adb00000,0x00000007aef80000)
 ParOldGen       total 55808K, used 21309K [0x0000000780000000, 0x0000000783680000, 0x00000007aab00000)
  object space 55808K, 38% used [0x0000000780000000,0x00000007814cf598,0x0000000783680000)
 Metaspace       used 17005K, capacity 17222K, committed 17664K, reserved 1064960K
  class space    used 1665K, capacity 1764K, committed 1792K, reserved 1048576K
Event: 4.865 GC heap after
Heap after GC invocations=7 (full 1):
 PSYoungGen      total 45056K, used 6764K [0x00000007aab00000, 0x00000007aec00000, 0x00000007c0000000)
  eden space 27648K, 0% used [0x00000007aab00000,0x00000007aab00000,0x00000007ac600000)
  from space 17408K, 38% used [0x00000007adb00000,0x00000007ae19b098,0x00000007aec00000)
  to   space 19456K, 0% used [0x00000007ac600000,0x00000007ac600000,0x00000007ad900000)
 ParOldGen       total 55808K, used 21317K [0x0000000780000000, 0x0000000783680000, 0x00000007aab00000)
  object space 55808K, 38% used [0x0000000780000000,0x00000007814d1598,0x0000000783680000)
 Metaspace       used 17005K, capacity 17222K, committed 17664K, reserved 1064960K
  class space    used 1665K, capacity 1764K, committed 1792K, reserved 1048576K
}

